<?xml version="1.0" encoding="UTF-8"?>
<!-- Generated by org.testng.reporters.JUnitXMLReporter -->
<testsuite hostname="JAIPRASHANTH" ignored="0" name="free crm and fd test" tests="2" failures="2" timestamp="04 Jun 2020 07:25:43 GMT" time="0.055" errors="0">
  <testcase name="sample" time="0.017" classname="com.crm.qa.testcases.Fixed_deposit_Test">
    <failure type="java.lang.NullPointerException">
      <![CDATA[java.lang.NullPointerException
	at com.crm.qa.testcases.Fixed_deposit_Test.sample(Fixed_deposit_Test.java:99)
... Removed 25 stack frames]]>
    </failure>
  </testcase> <!-- sample -->
  <testcase name="sample2" time="0.003" classname="com.crm.qa.testcases.Fixed_deposit_Test">
    <failure type="java.lang.NullPointerException">
      <![CDATA[java.lang.NullPointerException
	at com.crm.qa.testcases.Fixed_deposit_Test.sample2(Fixed_deposit_Test.java:105)
... Removed 25 stack frames]]>
    </failure>
  </testcase> <!-- sample2 -->
</testsuite> <!-- free crm and fd test -->
